

Processing HomeController#index (for 127.0.0.1 at 2009-04-25 13:53:44) [GET]
Rendering home/index
Completed in 27ms (View: 20, DB: 0) | 200 OK [http://localhost/]


Processing HomeController#index (for 127.0.0.1 at 2009-04-25 13:58:29) [GET]
Rendering home/index
ERROR: compiling _run_erb_app47views47home47index46html46erb RAISED compile error
/home/krawek/Proyectos/nanite-rails-example/app/views/home/index.html.erb:2: syntax error, unexpected ')'
...class => "runJobForm" do |f| ).to_s); @output_buffer.concat ...
                              ^
/home/krawek/Proyectos/nanite-rails-example/app/views/home/index.html.erb:8: syntax error, unexpected kENSURE, expecting ')'
/home/krawek/Proyectos/nanite-rails-example/app/views/home/index.html.erb:10: syntax error, unexpected kEND, expecting ')'
Function body:           def _run_erb_app47views47home47index46html46erb(local_assigns)
            old_output_buffer = output_buffer;;@output_buffer = '';  __in_erb_template=true ; @output_buffer.concat "\n"
; @output_buffer.concat(( form_tag :url => "#", :class => "runJobForm" do |f| ).to_s); @output_buffer.concat "\n  "
; @output_buffer.concat(( f.text_field "field1" ).to_s); @output_buffer.concat "\n  "
; @output_buffer.concat(( f.text_field "field2" ).to_s); @output_buffer.concat "\n  "
; @output_buffer.concat(( f.submit "Run job" ).to_s); @output_buffer.concat "\n"
;  end ; @output_buffer.concat "\n"
; @output_buffer
          ensure
            self.output_buffer = old_output_buffer
          end
Backtrace: /home/krawek/Proyectos/nanite-rails-example/app/views/home/index.html.erb:10:in `compile!'
/usr/lib/ruby/gems/1.8/gems/actionpack-2.3.2/lib/action_view/renderable.rb:61:in `compile'
/usr/lib/ruby/gems/1.8/gems/actionpack-2.3.2/lib/action_view/renderable.rb:28:in `render'
/usr/lib/ruby/gems/1.8/gems/actionpack-2.3.2/lib/action_view/template.rb:194:in `render_template'
/usr/lib/ruby/gems/1.8/gems/actionpack-2.3.2/lib/action_view/base.rb:260:in `render'
/usr/lib/ruby/gems/1.8/gems/actionpack-2.3.2/lib/action_controller/base.rb:1241:in `render_for_file'
/usr/lib/ruby/gems/1.8/gems/actionpack-2.3.2/lib/action_controller/base.rb:937:in `render_without_benchmark'
/usr/lib/ruby/gems/1.8/gems/actionpack-2.3.2/lib/action_controller/benchmarking.rb:51:in `render'
/usr/lib/ruby/gems/1.8/gems/activesupport-2.3.2/lib/active_support/core_ext/benchmark.rb:17:in `ms'
/usr/lib/ruby/1.8/benchmark.rb:308:in `realtime'
/usr/lib/ruby/gems/1.8/gems/activesupport-2.3.2/lib/active_support/core_ext/benchmark.rb:17:in `ms'
/usr/lib/ruby/gems/1.8/gems/actionpack-2.3.2/lib/action_controller/benchmarking.rb:51:in `render'
/usr/lib/ruby/gems/1.8/gems/actionpack-2.3.2/lib/action_controller/base.rb:1317:in `default_render'
/usr/lib/ruby/gems/1.8/gems/actionpack-2.3.2/lib/action_controller/base.rb:1323:in `perform_action_without_filters'
/usr/lib/ruby/gems/1.8/gems/actionpack-2.3.2/lib/action_controller/filters.rb:617:in `call_filters'
/usr/lib/ruby/gems/1.8/gems/actionpack-2.3.2/lib/action_controller/filters.rb:610:in `perform_action_without_benchmark'
/usr/lib/ruby/gems/1.8/gems/actionpack-2.3.2/lib/action_controller/benchmarking.rb:68:in `perform_action_without_rescue'
/usr/lib/ruby/gems/1.8/gems/activesupport-2.3.2/lib/active_support/core_ext/benchmark.rb:17:in `ms'
/usr/lib/ruby/1.8/benchmark.rb:308:in `realtime'
/usr/lib/ruby/gems/1.8/gems/activesupport-2.3.2/lib/active_support/core_ext/benchmark.rb:17:in `ms'
/usr/lib/ruby/gems/1.8/gems/actionpack-2.3.2/lib/action_controller/benchmarking.rb:68:in `perform_action_without_rescue'
/usr/lib/ruby/gems/1.8/gems/actionpack-2.3.2/lib/action_controller/rescue.rb:160:in `perform_action_without_flash'
/usr/lib/ruby/gems/1.8/gems/actionpack-2.3.2/lib/action_controller/flash.rb:141:in `perform_action'
/usr/lib/ruby/gems/1.8/gems/actionpack-2.3.2/lib/action_controller/base.rb:523:in `send'
/usr/lib/ruby/gems/1.8/gems/actionpack-2.3.2/lib/action_controller/base.rb:523:in `process_without_filters'
/usr/lib/ruby/gems/1.8/gems/actionpack-2.3.2/lib/action_controller/filters.rb:606:in `process'
/usr/lib/ruby/gems/1.8/gems/actionpack-2.3.2/lib/action_controller/base.rb:391:in `process'
/usr/lib/ruby/gems/1.8/gems/actionpack-2.3.2/lib/action_controller/base.rb:386:in `call'
/usr/lib/ruby/gems/1.8/gems/actionpack-2.3.2/lib/action_controller/routing/route_set.rb:433:in `call'
/usr/lib/ruby/gems/1.8/gems/actionpack-2.3.2/lib/action_controller/dispatcher.rb:88:in `dispatch'
/usr/lib/ruby/gems/1.8/gems/actionpack-2.3.2/lib/action_controller/dispatcher.rb:111:in `_call'
/usr/lib/ruby/gems/1.8/gems/actionpack-2.3.2/lib/action_controller/dispatcher.rb:82:in `initialize'
/usr/lib/ruby/gems/1.8/gems/activerecord-2.3.2/lib/active_record/query_cache.rb:29:in `call'
/usr/lib/ruby/gems/1.8/gems/activerecord-2.3.2/lib/active_record/query_cache.rb:29:in `call'
/usr/lib/ruby/gems/1.8/gems/activerecord-2.3.2/lib/active_record/connection_adapters/abstract/query_cache.rb:34:in `cache'
/usr/lib/ruby/gems/1.8/gems/activerecord-2.3.2/lib/active_record/query_cache.rb:9:in `cache'
/usr/lib/ruby/gems/1.8/gems/activerecord-2.3.2/lib/active_record/query_cache.rb:28:in `call'
/usr/lib/ruby/gems/1.8/gems/activerecord-2.3.2/lib/active_record/connection_adapters/abstract/connection_pool.rb:361:in `call'
/usr/lib/ruby/gems/1.8/gems/actionpack-2.3.2/lib/action_controller/vendor/rack-1.0/rack/head.rb:9:in `call'
/usr/lib/ruby/gems/1.8/gems/actionpack-2.3.2/lib/action_controller/vendor/rack-1.0/rack/methodoverride.rb:24:in `call'
/usr/lib/ruby/gems/1.8/gems/actionpack-2.3.2/lib/action_controller/params_parser.rb:15:in `call'
/usr/lib/ruby/gems/1.8/gems/actionpack-2.3.2/lib/action_controller/rewindable_input.rb:25:in `call'
/usr/lib/ruby/gems/1.8/gems/actionpack-2.3.2/lib/action_controller/session/cookie_store.rb:93:in `call'
/usr/lib/ruby/gems/1.8/gems/actionpack-2.3.2/lib/action_controller/reloader.rb:9:in `call'
/usr/lib/ruby/gems/1.8/gems/actionpack-2.3.2/lib/action_controller/failsafe.rb:11:in `call'
/usr/lib/ruby/gems/1.8/gems/actionpack-2.3.2/lib/action_controller/vendor/rack-1.0/rack/lock.rb:11:in `call'
/usr/lib/ruby/gems/1.8/gems/actionpack-2.3.2/lib/action_controller/vendor/rack-1.0/rack/lock.rb:11:in `synchronize'
/usr/lib/ruby/gems/1.8/gems/actionpack-2.3.2/lib/action_controller/vendor/rack-1.0/rack/lock.rb:11:in `call'
/usr/lib/ruby/gems/1.8/gems/actionpack-2.3.2/lib/action_controller/dispatcher.rb:106:in `call'
/usr/lib/ruby/gems/1.8/gems/rails-2.3.2/lib/rails/rack/static.rb:31:in `call'
/usr/lib/ruby/gems/1.8/gems/actionpack-2.3.2/lib/action_controller/vendor/rack-1.0/rack/urlmap.rb:46:in `call'
/usr/lib/ruby/gems/1.8/gems/actionpack-2.3.2/lib/action_controller/vendor/rack-1.0/rack/urlmap.rb:40:in `each'
/usr/lib/ruby/gems/1.8/gems/actionpack-2.3.2/lib/action_controller/vendor/rack-1.0/rack/urlmap.rb:40:in `call'
/usr/lib/ruby/gems/1.8/gems/rails-2.3.2/lib/rails/rack/log_tailer.rb:17:in `call'
/usr/lib/ruby/gems/1.8/gems/actionpack-2.3.2/lib/action_controller/vendor/rack-1.0/rack/content_length.rb:13:in `call'
/usr/lib/ruby/gems/1.8/gems/actionpack-2.3.2/lib/action_controller/vendor/rack-1.0/rack/chunked.rb:15:in `call'
/usr/lib/ruby/gems/1.8/gems/actionpack-2.3.2/lib/action_controller/vendor/rack-1.0/rack/handler/mongrel.rb:61:in `process'
/usr/lib/ruby/gems/1.8/gems/mongrel-1.1.5/lib/mongrel.rb:159:in `process_client'
/usr/lib/ruby/gems/1.8/gems/mongrel-1.1.5/lib/mongrel.rb:158:in `each'
/usr/lib/ruby/gems/1.8/gems/mongrel-1.1.5/lib/mongrel.rb:158:in `process_client'
/usr/lib/ruby/gems/1.8/gems/mongrel-1.1.5/lib/mongrel.rb:285:in `run'
/usr/lib/ruby/gems/1.8/gems/mongrel-1.1.5/lib/mongrel.rb:285:in `initialize'
/usr/lib/ruby/gems/1.8/gems/mongrel-1.1.5/lib/mongrel.rb:285:in `new'
/usr/lib/ruby/gems/1.8/gems/mongrel-1.1.5/lib/mongrel.rb:285:in `run'
/usr/lib/ruby/gems/1.8/gems/mongrel-1.1.5/lib/mongrel.rb:268:in `initialize'
/usr/lib/ruby/gems/1.8/gems/mongrel-1.1.5/lib/mongrel.rb:268:in `new'
/usr/lib/ruby/gems/1.8/gems/mongrel-1.1.5/lib/mongrel.rb:268:in `run'
/usr/lib/ruby/gems/1.8/gems/actionpack-2.3.2/lib/action_controller/vendor/rack-1.0/rack/handler/mongrel.rb:34:in `run'
/usr/lib/ruby/gems/1.8/gems/rails-2.3.2/lib/commands/server.rb:111
/usr/local/lib/site_ruby/1.8/rubygems/custom_require.rb:31:in `gem_original_require'
/usr/local/lib/site_ruby/1.8/rubygems/custom_require.rb:31:in `require'
script/server:3

ActionView::TemplateError (compile error
/home/krawek/Proyectos/nanite-rails-example/app/views/home/index.html.erb:2: syntax error, unexpected ')'
...class => "runJobForm" do |f| ).to_s); @output_buffer.concat ...
                              ^
/home/krawek/Proyectos/nanite-rails-example/app/views/home/index.html.erb:8: syntax error, unexpected kENSURE, expecting ')'
/home/krawek/Proyectos/nanite-rails-example/app/views/home/index.html.erb:10: syntax error, unexpected kEND, expecting ')') on line #2 of app/views/home/index.html.erb:
1: 
2: <%= form_tag :url => "#", :class => "runJobForm" do |f| %>
3:   <%= f.text_field "field1" %>
4:   <%= f.text_field "field2" %>
5:   <%= f.submit "Run job" %>

    app/views/home/index.html.erb:10:in `compile!'

Rendered rescues/_trace (140.1ms)
Rendered rescues/_request_and_response (30.6ms)
Rendering rescues/layout (internal_server_error)


Processing HomeController#index (for 127.0.0.1 at 2009-04-25 13:58:39) [GET]
Rendering home/index

ActionView::TemplateError (You have a nil object when you didn't expect it!
The error occurred while evaluating nil.text_field) on line #3 of app/views/home/index.html.erb:
1: 
2: <% form_tag :url => "#", :class => "runJobForm" do |f| %>
3:   <%= f.text_field "field1" %>
4:   <%= f.text_field "field2" %>
5:   <%= f.submit "Run job" %>
6: <% end %>

    app/views/home/index.html.erb:3
    app/views/home/index.html.erb:2

Rendered rescues/_trace (156.5ms)
Rendered rescues/_request_and_response (1.1ms)
Rendering rescues/layout (internal_server_error)


Processing HomeController#index (for 127.0.0.1 at 2009-04-25 13:58:53) [GET]
Rendering home/index

ActionView::TemplateError (undefined local variable or method `f' for #<ActionView::Base:0xb7614f60>) on line #5 of app/views/home/index.html.erb:
2: <% form_tag :url => "#", :class => "runJobForm" do %>
3:   <%= text_field_tag "field1" %>
4:   <%= text_field_tag "field2" %>
5:   <%= f.submit "Run job" %>
6: <% end %>

    app/views/home/index.html.erb:5
    app/views/home/index.html.erb:2

Rendered rescues/_trace (114.3ms)
Rendered rescues/_request_and_response (0.5ms)
Rendering rescues/layout (internal_server_error)


Processing HomeController#index (for 127.0.0.1 at 2009-04-25 13:58:55) [GET]
Rendering home/index

ActionView::TemplateError (undefined local variable or method `f' for #<ActionView::Base:0xb70f4058>) on line #5 of app/views/home/index.html.erb:
2: <% form_tag :url => "#", :class => "runJobForm" do %>
3:   <%= text_field_tag "field1" %>
4:   <%= text_field_tag "field2" %>
5:   <%= f.submit "Run job" %>
6: <% end %>

    app/views/home/index.html.erb:5
    app/views/home/index.html.erb:2

Rendered rescues/_trace (161.9ms)
Rendered rescues/_request_and_response (0.9ms)
Rendering rescues/layout (internal_server_error)


Processing HomeController#index (for 127.0.0.1 at 2009-04-25 13:59:02) [GET]
Rendering home/index
Completed in 10ms (View: 7, DB: 0) | 200 OK [http://localhost/]


Processing HomeController#index (for 127.0.0.1 at 2009-04-25 14:05:30) [GET]
Rendering template within layouts/application
Rendering home/index
Completed in 40ms (View: 31, DB: 0) | 200 OK [http://localhost/]


Processing HomeController#index (for 127.0.0.1 at 2009-04-25 14:06:05) [GET]
Rendering template within layouts/application
Rendering home/index
Completed in 24ms (View: 17, DB: 0) | 200 OK [http://localhost/]


Processing HomeController#index (for 127.0.0.1 at 2009-04-25 14:11:15) [GET]
Rendering template within layouts/application
Rendering home/index
Completed in 31ms (View: 25, DB: 0) | 200 OK [http://localhost/]


Processing HomeController#index (for 127.0.0.1 at 2009-04-25 14:11:27) [GET]
Rendering template within layouts/application
Rendering home/index
Completed in 25ms (View: 18, DB: 0) | 200 OK [http://localhost/]


Processing HomeController#index (for 127.0.0.1 at 2009-04-25 14:11:34) [POST]
  Parameters: {"commit"=>"Run code", "class"=>"runJobForm", "url"=>"#", "authenticity_token"=>"JkNtEtbRBymqLYg3E0GC/on6x26rhEGWzw/AUF/WBjo=", "namecode"=>"1+1"}
Rendering template within layouts/application
Rendering home/index
Completed in 15ms (View: 7, DB: 0) | 200 OK [http://localhost/?class=runJobForm&url=%23]


Processing HomeController#index (for 127.0.0.1 at 2009-04-25 14:12:10) [GET]
Rendering template within layouts/application
Rendering home/index
Completed in 22ms (View: 15, DB: 0) | 200 OK [http://localhost/]


Processing HomeController#index (for 127.0.0.1 at 2009-04-25 14:12:14) [POST]
  Parameters: {"commit"=>"Run code", "authenticity_token"=>"JkNtEtbRBymqLYg3E0GC/on6x26rhEGWzw/AUF/WBjo=", "namecode"=>"1+1"}
Rendering template within layouts/application
Rendering home/index
Completed in 14ms (View: 6, DB: 0) | 200 OK [http://localhost/]


Processing HomeController#index (for 127.0.0.1 at 2009-04-25 14:12:31) [GET]
Rendering template within layouts/application
Rendering home/index
Completed in 25ms (View: 18, DB: 0) | 200 OK [http://localhost/]


Processing HomeController#index (for 127.0.0.1 at 2009-04-25 14:12:46) [GET]
Rendering template within layouts/application
Rendering home/index
Completed in 13ms (View: 6, DB: 0) | 200 OK [http://localhost/]


Processing HomeController#index (for 127.0.0.1 at 2009-04-25 14:12:50) [POST]
  Parameters: {"commit"=>"Run code", "code"=>"1+1", "authenticity_token"=>"JkNtEtbRBymqLYg3E0GC/on6x26rhEGWzw/AUF/WBjo="}
Rendering template within layouts/application
Rendering home/index
Completed in 15ms (View: 8, DB: 0) | 200 OK [http://localhost/]


Processing HomeController#index (for 127.0.0.1 at 2009-04-25 14:12:57) [POST]
  Parameters: {"commit"=>"Run code", "code"=>"1+1", "authenticity_token"=>"JkNtEtbRBymqLYg3E0GC/on6x26rhEGWzw/AUF/WBjo="}
Rendering template within layouts/application
Rendering home/index
Completed in 13ms (View: 5, DB: 0) | 200 OK [http://localhost/]


Processing HomeController#index (for 127.0.0.1 at 2009-04-25 14:16:45) [POST]
  Parameters: {"commit"=>"Run code", "code"=>"1+1", "authenticity_token"=>"JkNtEtbRBymqLYg3E0GC/on6x26rhEGWzw/AUF/WBjo="}
Rendering template within layouts/application
Rendering home/index
Completed in 37ms (View: 30, DB: 0) | 200 OK [http://localhost/]


Processing HomeController#index (for 127.0.0.1 at 2009-04-25 14:17:33) [GET]
Rendering template within layouts/application
Rendering home/index
Completed in 235ms (View: 231, DB: 0) | 200 OK [http://localhost/]


Processing HomeController#index (for 127.0.0.1 at 2009-04-25 14:17:46) [POST]
  Parameters: {"commit"=>"Run code", "code"=>"1+1", "authenticity_token"=>"JkNtEtbRBymqLYg3E0GC/on6x26rhEGWzw/AUF/WBjo="}
Rendering template within layouts/application
Rendering home/index
Completed in 13ms (View: 6, DB: 0) | 200 OK [http://localhost/]


Processing HomeController#index (for 127.0.0.1 at 2009-04-25 14:19:39) [GET]
Rendering template within layouts/application
Rendering home/index
Completed in 25ms (View: 17, DB: 0) | 200 OK [http://localhost/]


Processing HomeController#index (for 127.0.0.1 at 2009-04-25 14:19:50) [POST]
  Parameters: {"commit"=>"Run code", "code"=>"1+1", "authenticity_token"=>"JkNtEtbRBymqLYg3E0GC/on6x26rhEGWzw/AUF/WBjo="}
Rendering template within layouts/application
Rendering home/index
Completed in 14ms (View: 6, DB: 0) | 200 OK [http://localhost/]


Processing HomeController#index (for 127.0.0.1 at 2009-04-25 14:20:50) [GET]
Rendering template within layouts/application
Rendering home/index
Completed in 15ms (View: 9, DB: 0) | 200 OK [http://localhost/]


Processing HomeController#index (for 127.0.0.1 at 2009-04-25 14:21:26) [GET]
Rendering template within layouts/application
Rendering home/index
Completed in 19ms (View: 11, DB: 0) | 200 OK [http://localhost/]


Processing JobsController#create (for 127.0.0.1 at 2009-04-25 14:21:33) [POST]
  Parameters: {"code"=>"1+1", "authenticity_token"=>"JkNtEtbRBymqLYg3E0GC/on6x26rhEGWzw/AUF/WBjo="}
Completed in 14ms (View: 2, DB: 0) | 200 OK [http://localhost/jobs]


Processing JobsController#create (for 127.0.0.1 at 2009-04-25 14:21:37) [POST]
  Parameters: {"code"=>"1+1", "authenticity_token"=>"JkNtEtbRBymqLYg3E0GC/on6x26rhEGWzw/AUF/WBjo="}
Completed in 14ms (View: 2, DB: 0) | 200 OK [http://localhost/jobs]


Processing JobsController#create (for 127.0.0.1 at 2009-04-25 14:23:49) [POST]
  Parameters: {"code"=>"1+1", "authenticity_token"=>"JkNtEtbRBymqLYg3E0GC/on6x26rhEGWzw/AUF/WBjo="}
Completed in 39ms (View: 19, DB: 0) | 200 OK [http://localhost/jobs]


Processing JobsController#create (for 127.0.0.1 at 2009-04-25 14:24:06) [POST]
  Parameters: {"code"=>"1+1", "authenticity_token"=>"JkNtEtbRBymqLYg3E0GC/on6x26rhEGWzw/AUF/WBjo="}
Completed in 25ms (View: 2, DB: 0) | 200 OK [http://localhost/jobs]


Processing JobsController#create (for 127.0.0.1 at 2009-04-25 14:24:40) [POST]
  Parameters: {"code"=>"1+1", "authenticity_token"=>"JkNtEtbRBymqLYg3E0GC/on6x26rhEGWzw/AUF/WBjo="}
Completed in 10ms (View: 1, DB: 0) | 200 OK [http://localhost/jobs]


Processing JobsController#create (for 127.0.0.1 at 2009-04-25 14:29:09) [POST]
  Parameters: {"code"=>"1+1", "authenticity_token"=>"JkNtEtbRBymqLYg3E0GC/on6x26rhEGWzw/AUF/WBjo="}
Completed in 19ms (View: 2, DB: 0) | 200 OK [http://localhost/jobs]


Processing JobsController#create (for 127.0.0.1 at 2009-04-25 14:31:01) [POST]
  Parameters: {"code"=>"1+1", "authenticity_token"=>"JkNtEtbRBymqLYg3E0GC/on6x26rhEGWzw/AUF/WBjo="}
Completed in 19ms (View: 2, DB: 0) | 200 OK [http://localhost/jobs]


Processing JobsController#create (for 127.0.0.1 at 2009-04-25 14:31:23) [POST]
  Parameters: {"code"=>"1+1", "authenticity_token"=>"JkNtEtbRBymqLYg3E0GC/on6x26rhEGWzw/AUF/WBjo="}
Completed in 11ms (View: 1, DB: 0) | 200 OK [http://localhost/jobs]


Processing JobsController#create (for 127.0.0.1 at 2009-04-25 14:31:26) [POST]
  Parameters: {"code"=>"1+1", "authenticity_token"=>"JkNtEtbRBymqLYg3E0GC/on6x26rhEGWzw/AUF/WBjo="}
Completed in 24ms (View: 3, DB: 0) | 200 OK [http://localhost/jobs]


Processing HomeController#index (for 127.0.0.1 at 2009-04-25 14:31:45) [GET]
Rendering template within layouts/application
Rendering home/index
Completed in 43ms (View: 37, DB: 0) | 200 OK [http://localhost/]


Processing JobsController#create (for 127.0.0.1 at 2009-04-25 14:31:50) [POST]
  Parameters: {"code"=>"1+1", "authenticity_token"=>"JkNtEtbRBymqLYg3E0GC/on6x26rhEGWzw/AUF/WBjo="}
Completed in 24ms (View: 2, DB: 0) | 200 OK [http://localhost/jobs]


Processing JobsController#create (for 127.0.0.1 at 2009-04-25 14:32:13) [POST]
  Parameters: {"code"=>"1+1", "authenticity_token"=>"JkNtEtbRBymqLYg3E0GC/on6x26rhEGWzw/AUF/WBjo="}
Completed in 25ms (View: 1, DB: 0) | 200 OK [http://localhost/jobs]


Processing HomeController#index (for 127.0.0.1 at 2009-04-25 14:32:45) [GET]
Rendering template within layouts/application
Rendering home/index
Completed in 14ms (View: 7, DB: 0) | 200 OK [http://localhost/]


Processing JobsController#create (for 127.0.0.1 at 2009-04-25 14:32:47) [POST]
  Parameters: {"code"=>"1+1", "authenticity_token"=>"JkNtEtbRBymqLYg3E0GC/on6x26rhEGWzw/AUF/WBjo="}
Completed in 15ms (View: 1, DB: 0) | 200 OK [http://localhost/jobs]


Processing JobsController#create (for 127.0.0.1 at 2009-04-25 14:32:55) [POST]
  Parameters: {"code"=>"1+1", "authenticity_token"=>"JkNtEtbRBymqLYg3E0GC/on6x26rhEGWzw/AUF/WBjo="}
Completed in 33ms (View: 13, DB: 0) | 200 OK [http://localhost/jobs]


Processing HomeController#index (for 127.0.0.1 at 2009-04-25 14:32:57) [GET]
Rendering template within layouts/application
Rendering home/index
Completed in 13ms (View: 7, DB: 0) | 200 OK [http://localhost/]


Processing JobsController#create (for 127.0.0.1 at 2009-04-25 14:33:01) [POST]
  Parameters: {"code"=>"1+1", "authenticity_token"=>"JkNtEtbRBymqLYg3E0GC/on6x26rhEGWzw/AUF/WBjo="}
Completed in 22ms (View: 4, DB: 0) | 200 OK [http://localhost/jobs]


Processing HomeController#index (for 127.0.0.1 at 2009-04-25 14:33:27) [GET]
Rendering template within layouts/application
Rendering home/index
Completed in 14ms (View: 7, DB: 0) | 200 OK [http://localhost/]


Processing JobsController#create (for 127.0.0.1 at 2009-04-25 14:33:32) [POST]
  Parameters: {"code"=>"1+1", "authenticity_token"=>"JkNtEtbRBymqLYg3E0GC/on6x26rhEGWzw/AUF/WBjo="}
Completed in 24ms (View: 4, DB: 0) | 200 OK [http://localhost/jobs]


Processing JobsController#create (for 127.0.0.1 at 2009-04-25 14:34:04) [POST]
  Parameters: {"code"=>"1+1", "authenticity_token"=>"JkNtEtbRBymqLYg3E0GC/on6x26rhEGWzw/AUF/WBjo="}
Completed in 23ms (View: 2, DB: 0) | 200 OK [http://localhost/jobs]


Processing JobsController#create (for 127.0.0.1 at 2009-04-25 14:34:09) [POST]
  Parameters: {"code"=>"1+1", "authenticity_token"=>"JkNtEtbRBymqLYg3E0GC/on6x26rhEGWzw/AUF/WBjo="}
Completed in 35ms (View: 15, DB: 0) | 200 OK [http://localhost/jobs]


Processing JobsController#create (for 127.0.0.1 at 2009-04-25 14:34:17) [POST]
  Parameters: {"code"=>"10+10", "authenticity_token"=>"JkNtEtbRBymqLYg3E0GC/on6x26rhEGWzw/AUF/WBjo="}
Completed in 23ms (View: 2, DB: 0) | 200 OK [http://localhost/jobs]


Processing JobsController#create (for 127.0.0.1 at 2009-04-25 14:34:38) [POST]
  Parameters: {"code"=>"\"hola\".reverse", "authenticity_token"=>"JkNtEtbRBymqLYg3E0GC/on6x26rhEGWzw/AUF/WBjo="}
Completed in 48ms (View: 2, DB: 0) | 200 OK [http://localhost/jobs]


Processing JobsController#create (for 127.0.0.1 at 2009-04-25 14:36:42) [POST]
  Parameters: {"code"=>"10.times do |i|\n  Orbited.send_data(\"a_client_id\", i)\n  sleep 1\nend\n", "authenticity_token"=>"JkNtEtbRBymqLYg3E0GC/on6x26rhEGWzw/AUF/WBjo="}
Completed in 22ms (View: 2, DB: 0) | 200 OK [http://localhost/jobs]


Processing JobsController#create (for 127.0.0.1 at 2009-04-25 14:36:52) [POST]
  Parameters: {"code"=>"10.times do |i|\n  Orbited.send_data(\"a_client_id\", i.to_s)\n  sleep 1\nend\n", "authenticity_token"=>"JkNtEtbRBymqLYg3E0GC/on6x26rhEGWzw/AUF/WBjo="}
Completed in 23ms (View: 2, DB: 0) | 200 OK [http://localhost/jobs]


Processing JobsController#create (for 127.0.0.1 at 2009-04-25 14:37:16) [POST]
  Parameters: {"code"=>"10.times do |i|\n  Orbited.send_data(\"a_client_id\", i.to_s)\n  sleep 1\nend\n", "authenticity_token"=>"JkNtEtbRBymqLYg3E0GC/on6x26rhEGWzw/AUF/WBjo="}
Completed in 42ms (View: 24, DB: 0) | 200 OK [http://localhost/jobs]


Processing JobsController#create (for 127.0.0.1 at 2009-04-25 14:37:36) [POST]
  Parameters: {"code"=>"10.times do |i|\n  Orbited.send_data(\"a_client_id\", i.to_s)\n  sleep 1\nend\n\"termino\"", "authenticity_token"=>"JkNtEtbRBymqLYg3E0GC/on6x26rhEGWzw/AUF/WBjo="}
Completed in 22ms (View: 2, DB: 0) | 200 OK [http://localhost/jobs]


Processing JobsController#create (for 127.0.0.1 at 2009-04-25 14:38:17) [POST]
  Parameters: {"code"=>"10.times do |i|\n  begin\n  Orbited.send_data(\"a_client_id\", i.to_s)\n  rescue => e\n    $stderr.puts e\n  end\n  sleep 1\nend\n", "authenticity_token"=>"JkNtEtbRBymqLYg3E0GC/on6x26rhEGWzw/AUF/WBjo="}
Completed in 31ms (View: 2, DB: 0) | 200 OK [http://localhost/jobs]


Processing JobsController#create (for 127.0.0.1 at 2009-04-25 14:38:30) [POST]
  Parameters: {"code"=>"10.times do |i|\n  begin\n  Orbited.send_data(\"a_client_id\", i.to_s)\n  rescue => e\n    $stderr.puts e\n  end\n  $stderr.puts i\n  sleep 1\nend\n", "authenticity_token"=>"JkNtEtbRBymqLYg3E0GC/on6x26rhEGWzw/AUF/WBjo="}
Completed in 23ms (View: 2, DB: 0) | 200 OK [http://localhost/jobs]


Processing JobsController#create (for 127.0.0.1 at 2009-04-25 14:39:10) [POST]
  Parameters: {"code"=>"10.times do |i|\n  begin\n  Orbited.send_data(\"a_client_id\", \"alert('i.to_s')\")\n  rescue => e\n    $stderr.puts e\n  end\n  $stderr.puts i\n  sleep 1\nend\n", "authenticity_token"=>"JkNtEtbRBymqLYg3E0GC/on6x26rhEGWzw/AUF/WBjo="}
Completed in 24ms (View: 2, DB: 0) | 200 OK [http://localhost/jobs]


Processing JobsController#create (for 127.0.0.1 at 2009-04-25 14:39:56) [POST]
  Parameters: {"code"=>"10.times do |i|\n  begin\n  Orbited.send_data(\"a_client_id\", \"alert('\#{i.to_s}');\")\n  rescue => e\n    $stderr.puts e\n  end\n  $stderr.puts i\n  sleep 1\nend\n", "authenticity_token"=>"JkNtEtbRBymqLYg3E0GC/on6x26rhEGWzw/AUF/WBjo="}
Completed in 61ms (View: 42, DB: 0) | 200 OK [http://localhost/jobs]


Processing JobsController#create (for 127.0.0.1 at 2009-04-25 14:40:10) [POST]
  Parameters: {"code"=>"1+1", "authenticity_token"=>"JkNtEtbRBymqLYg3E0GC/on6x26rhEGWzw/AUF/WBjo="}
Completed in 12ms (View: 1, DB: 0) | 200 OK [http://localhost/jobs]


Processing JobsController#create (for 127.0.0.1 at 2009-04-25 14:40:30) [POST]
  Parameters: {"code"=>"1+1", "authenticity_token"=>"JkNtEtbRBymqLYg3E0GC/on6x26rhEGWzw/AUF/WBjo="}
Completed in 19ms (View: 2, DB: 0) | 200 OK [http://localhost/jobs]


Processing HomeController#index (for 127.0.0.1 at 2009-04-25 14:40:42) [GET]
Rendering template within layouts/application
Rendering home/index
Completed in 51ms (View: 44, DB: 0) | 200 OK [http://localhost/]


Processing JobsController#create (for 127.0.0.1 at 2009-04-25 14:40:46) [POST]
  Parameters: {"code"=>"1+1", "authenticity_token"=>"JkNtEtbRBymqLYg3E0GC/on6x26rhEGWzw/AUF/WBjo="}
Completed in 26ms (View: 2, DB: 0) | 200 OK [http://localhost/jobs]


Processing HomeController#index (for 127.0.0.1 at 2009-04-25 14:41:09) [GET]
Rendering template within layouts/application
Rendering home/index
Completed in 28ms (View: 21, DB: 0) | 200 OK [http://localhost/]


Processing HomeController#index (for 127.0.0.1 at 2009-04-25 14:41:11) [GET]
Rendering template within layouts/application
Rendering home/index
Completed in 7ms (View: 4, DB: 0) | 200 OK [http://localhost/]


Processing HomeController#index (for 127.0.0.1 at 2009-04-25 14:41:23) [GET]
Rendering template within layouts/application
Rendering home/index
Completed in 38ms (View: 32, DB: 0) | 200 OK [http://localhost/]


Processing HomeController#index (for 127.0.0.1 at 2009-04-25 14:41:31) [GET]
Rendering template within layouts/application
Rendering home/index
Completed in 23ms (View: 17, DB: 0) | 200 OK [http://localhost/]


Processing JobsController#create (for 127.0.0.1 at 2009-04-25 14:41:35) [POST]
  Parameters: {"code"=>"10.times do |i|\n  begin\n  Orbited.send_data(\"a_client_id\", \"alert('\#{i.to_s}');\")\n  rescue => e\n    $stderr.puts e\n  end\n  $stderr.puts i\n  sleep 1\nend\n", "authenticity_token"=>"JkNtEtbRBymqLYg3E0GC/on6x26rhEGWzw/AUF/WBjo="}
Completed in 33ms (View: 2, DB: 0) | 200 OK [http://localhost/jobs]


Processing JobsController#create (for 127.0.0.1 at 2009-04-25 14:42:14) [POST]
  Parameters: {"code"=>"10.times do |i|\n  begin\n  Orbited.send_data(\"a_client_id\", \"alert('\#{i.to_s}');\")\n  rescue => e\n    $stderr.puts e\n  end\n  $stderr.puts i\nend\n", "authenticity_token"=>"JkNtEtbRBymqLYg3E0GC/on6x26rhEGWzw/AUF/WBjo="}
Completed in 22ms (View: 2, DB: 0) | 200 OK [http://localhost/jobs]


Processing HomeController#index (for 127.0.0.1 at 2009-04-25 14:43:11) [GET]
Rendering template within layouts/application
Rendering home/index
Completed in 25ms (View: 18, DB: 0) | 200 OK [http://localhost/]


Processing JobsController#create (for 127.0.0.1 at 2009-04-25 14:43:15) [POST]
  Parameters: {"code"=>"10.times do |i|\n  begin\n  Orbited.send_data(\"a_client_id\", \"$('#results').after('\#{i.to_s}');\")\n  rescue => e\n    $stderr.puts e\n  end\n  $stderr.puts i\nend\n", "authenticity_token"=>"JkNtEtbRBymqLYg3E0GC/on6x26rhEGWzw/AUF/WBjo="}
Completed in 230ms (View: 2, DB: 0) | 200 OK [http://localhost/jobs]


Processing HomeController#index (for 127.0.0.1 at 2009-04-25 14:43:50) [GET]
Rendering template within layouts/application
Rendering home/index
Completed in 15ms (View: 8, DB: 0) | 200 OK [http://localhost/]


Processing JobsController#create (for 127.0.0.1 at 2009-04-25 14:44:19) [POST]
  Parameters: {"code"=>"100.times do |e|\nend\n", "authenticity_token"=>"JkNtEtbRBymqLYg3E0GC/on6x26rhEGWzw/AUF/WBjo="}
Completed in 22ms (View: 2, DB: 0) | 200 OK [http://localhost/jobs]


Processing HomeController#index (for 127.0.0.1 at 2009-04-25 14:45:20) [GET]
Rendering template within layouts/application
Rendering home/index
Completed in 16ms (View: 9, DB: 0) | 200 OK [http://localhost/]


Processing JobsController#create (for 127.0.0.1 at 2009-04-25 14:45:36) [POST]
  Parameters: {"code"=>"1+1", "authenticity_token"=>"JkNtEtbRBymqLYg3E0GC/on6x26rhEGWzw/AUF/WBjo="}
Completed in 36ms (View: 2, DB: 0) | 200 OK [http://localhost/jobs]


Processing HomeController#index (for 127.0.0.1 at 2009-04-25 14:45:39) [GET]
Rendering template within layouts/application
Rendering home/index
Completed in 15ms (View: 8, DB: 0) | 200 OK [http://localhost/]


Processing JobsController#create (for 127.0.0.1 at 2009-04-25 14:45:58) [POST]
  Parameters: {"code"=>"10.times do |e|\n  $stderr.puts e\nend", "authenticity_token"=>"JkNtEtbRBymqLYg3E0GC/on6x26rhEGWzw/AUF/WBjo="}
Completed in 23ms (View: 4, DB: 0) | 200 OK [http://localhost/jobs]


Processing JobsController#create (for 127.0.0.1 at 2009-04-25 14:46:09) [POST]
  Parameters: {"code"=>"1+1", "authenticity_token"=>"JkNtEtbRBymqLYg3E0GC/on6x26rhEGWzw/AUF/WBjo="}
Completed in 95ms (View: 2, DB: 0) | 200 OK [http://localhost/jobs]


Processing JobsController#create (for 127.0.0.1 at 2009-04-25 14:47:00) [POST]
  Parameters: {"code"=>"1+1", "authenticity_token"=>"JkNtEtbRBymqLYg3E0GC/on6x26rhEGWzw/AUF/WBjo="}
Completed in 24ms (View: 2, DB: 0) | 200 OK [http://localhost/jobs]


Processing HomeController#index (for 127.0.0.1 at 2009-04-25 14:47:04) [GET]
Rendering template within layouts/application
Rendering home/index
Completed in 14ms (View: 7, DB: 0) | 200 OK [http://localhost/]


Processing JobsController#create (for 127.0.0.1 at 2009-04-25 14:47:07) [POST]
  Parameters: {"code"=>"", "authenticity_token"=>"JkNtEtbRBymqLYg3E0GC/on6x26rhEGWzw/AUF/WBjo="}
Completed in 110ms (View: 1, DB: 0) | 200 OK [http://localhost/jobs]


Processing JobsController#create (for 127.0.0.1 at 2009-04-25 14:47:15) [POST]
  Parameters: {"code"=>"1+1", "authenticity_token"=>"JkNtEtbRBymqLYg3E0GC/on6x26rhEGWzw/AUF/WBjo="}
Completed in 35ms (View: 5, DB: 0) | 200 OK [http://localhost/jobs]


Processing JobsController#create (for 127.0.0.1 at 2009-04-25 14:47:23) [POST]
  Parameters: {"code"=>"19+10", "authenticity_token"=>"JkNtEtbRBymqLYg3E0GC/on6x26rhEGWzw/AUF/WBjo="}
Completed in 11ms (View: 1, DB: 0) | 200 OK [http://localhost/jobs]


Processing HomeController#index (for 127.0.0.1 at 2009-04-25 14:48:36) [GET]
Rendering template within layouts/application
Rendering home/index
Completed in 16ms (View: 8, DB: 0) | 200 OK [http://localhost/]


Processing JobsController#create (for 127.0.0.1 at 2009-04-25 14:48:40) [POST]
  Parameters: {"code"=>"10+10", "authenticity_token"=>"JkNtEtbRBymqLYg3E0GC/on6x26rhEGWzw/AUF/WBjo="}
Completed in 23ms (View: 2, DB: 0) | 200 OK [http://localhost/jobs]


Processing JobsController#create (for 127.0.0.1 at 2009-04-25 14:48:50) [POST]
  Parameters: {"code"=>"80+90", "authenticity_token"=>"JkNtEtbRBymqLYg3E0GC/on6x26rhEGWzw/AUF/WBjo="}
Completed in 24ms (View: 2, DB: 0) | 200 OK [http://localhost/jobs]


Processing HomeController#index (for 127.0.0.1 at 2009-04-25 14:48:56) [GET]
Rendering template within layouts/application
Rendering home/index
Completed in 15ms (View: 8, DB: 0) | 200 OK [http://localhost/]


Processing JobsController#create (for 127.0.0.1 at 2009-04-25 14:49:13) [POST]
  Parameters: {"code"=>"1+1", "authenticity_token"=>"JkNtEtbRBymqLYg3E0GC/on6x26rhEGWzw/AUF/WBjo="}
Completed in 11ms (View: 1, DB: 0) | 200 OK [http://localhost/jobs]


Processing JobsController#create (for 127.0.0.1 at 2009-04-25 14:49:25) [POST]
  Parameters: {"code"=>"1+1", "authenticity_token"=>"JkNtEtbRBymqLYg3E0GC/on6x26rhEGWzw/AUF/WBjo="}
Completed in 31ms (View: 2, DB: 0) | 200 OK [http://localhost/jobs]


Processing JobsController#create (for 127.0.0.1 at 2009-04-25 14:49:27) [POST]
  Parameters: {"code"=>"1+1", "authenticity_token"=>"JkNtEtbRBymqLYg3E0GC/on6x26rhEGWzw/AUF/WBjo="}
Completed in 23ms (View: 2, DB: 0) | 200 OK [http://localhost/jobs]


Processing JobsController#create (for 127.0.0.1 at 2009-04-25 14:49:30) [POST]
  Parameters: {"code"=>"1+1", "authenticity_token"=>"JkNtEtbRBymqLYg3E0GC/on6x26rhEGWzw/AUF/WBjo="}
Completed in 23ms (View: 2, DB: 0) | 200 OK [http://localhost/jobs]


Processing JobsController#create (for 127.0.0.1 at 2009-04-25 14:49:35) [POST]
  Parameters: {"code"=>"1+1", "authenticity_token"=>"JkNtEtbRBymqLYg3E0GC/on6x26rhEGWzw/AUF/WBjo="}
Completed in 23ms (View: 2, DB: 0) | 200 OK [http://localhost/jobs]


Processing JobsController#create (for 127.0.0.1 at 2009-04-25 14:50:16) [POST]
  Parameters: {"code"=>"1+1", "authenticity_token"=>"JkNtEtbRBymqLYg3E0GC/on6x26rhEGWzw/AUF/WBjo="}
Completed in 22ms (View: 2, DB: 0) | 200 OK [http://localhost/jobs]


Processing HomeController#index (for 127.0.0.1 at 2009-04-25 14:50:20) [GET]
Rendering template within layouts/application
Rendering home/index
Completed in 41ms (View: 21, DB: 0) | 200 OK [http://localhost/]


Processing JobsController#create (for 127.0.0.1 at 2009-04-25 14:50:32) [POST]
  Parameters: {"code"=>"10.times do |e|\n $stderr.puts e\nend", "authenticity_token"=>"JkNtEtbRBymqLYg3E0GC/on6x26rhEGWzw/AUF/WBjo="}
Completed in 47ms (View: 26, DB: 0) | 200 OK [http://localhost/jobs]


Processing JobsController#create (for 127.0.0.1 at 2009-04-25 14:50:40) [POST]
  Parameters: {"code"=>"10.times do |e|\n $stderr.puts e\nend\n", "authenticity_token"=>"JkNtEtbRBymqLYg3E0GC/on6x26rhEGWzw/AUF/WBjo="}
Completed in 31ms (View: 2, DB: 0) | 200 OK [http://localhost/jobs]


Processing HomeController#index (for 127.0.0.1 at 2009-04-25 14:51:52) [GET]
Rendering template within layouts/application
Rendering home/index
Completed in 23ms (View: 17, DB: 0) | 200 OK [http://localhost/]


Processing JobsController#create (for 127.0.0.1 at 2009-04-25 14:51:57) [POST]
  Parameters: {"code"=>"1+1", "authenticity_token"=>"JkNtEtbRBymqLYg3E0GC/on6x26rhEGWzw/AUF/WBjo="}
Completed in 34ms (View: 2, DB: 0) | 200 OK [http://localhost/jobs]


Processing JobsController#create (for 127.0.0.1 at 2009-04-25 14:52:08) [POST]
  Parameters: {"code"=>"1+1", "authenticity_token"=>"JkNtEtbRBymqLYg3E0GC/on6x26rhEGWzw/AUF/WBjo="}
Completed in 32ms (View: 2, DB: 0) | 200 OK [http://localhost/jobs]


Processing JobsController#create (for 127.0.0.1 at 2009-04-25 14:52:10) [POST]
  Parameters: {"code"=>"1+1", "authenticity_token"=>"JkNtEtbRBymqLYg3E0GC/on6x26rhEGWzw/AUF/WBjo="}
Completed in 31ms (View: 2, DB: 0) | 200 OK [http://localhost/jobs]


Processing JobsController#create (for 127.0.0.1 at 2009-04-25 14:54:18) [POST]
  Parameters: {"code"=>"1+1", "authenticity_token"=>"JkNtEtbRBymqLYg3E0GC/on6x26rhEGWzw/AUF/WBjo="}
Completed in 25ms (View: 7, DB: 0) | 200 OK [http://localhost/jobs]


Processing HomeController#index (for 127.0.0.1 at 2009-04-25 14:54:31) [GET]
Rendering template within layouts/application
Rendering home/index
Completed in 54ms (View: 47, DB: 0) | 200 OK [http://localhost/]


Processing JobsController#create (for 127.0.0.1 at 2009-04-25 14:54:35) [POST]
  Parameters: {"code"=>"1+1", "authenticity_token"=>"JkNtEtbRBymqLYg3E0GC/on6x26rhEGWzw/AUF/WBjo="}
Completed in 23ms (View: 2, DB: 0) | 200 OK [http://localhost/jobs]


Processing JobsController#create (for 127.0.0.1 at 2009-04-25 14:54:43) [POST]
  Parameters: {"code"=>"10+10", "authenticity_token"=>"JkNtEtbRBymqLYg3E0GC/on6x26rhEGWzw/AUF/WBjo="}
Completed in 23ms (View: 2, DB: 0) | 200 OK [http://localhost/jobs]


Processing JobsController#create (for 127.0.0.1 at 2009-04-25 14:55:01) [POST]
  Parameters: {"code"=>"10.times do |e|\n  $stderr.puts e\nend", "authenticity_token"=>"JkNtEtbRBymqLYg3E0GC/on6x26rhEGWzw/AUF/WBjo="}
Completed in 35ms (View: 13, DB: 0) | 200 OK [http://localhost/jobs]


Processing JobsController#create (for 127.0.0.1 at 2009-04-25 14:55:09) [POST]
  Parameters: {"code"=>"10.times do |e|\n  $stderr.puts e\nend", "authenticity_token"=>"JkNtEtbRBymqLYg3E0GC/on6x26rhEGWzw/AUF/WBjo="}
Completed in 22ms (View: 2, DB: 0) | 200 OK [http://localhost/jobs]


Processing JobsController#create (for 127.0.0.1 at 2009-04-25 14:55:15) [POST]
  Parameters: {"code"=>"10.times do |e|\n  $stderr.puts e\nend\n\n10", "authenticity_token"=>"JkNtEtbRBymqLYg3E0GC/on6x26rhEGWzw/AUF/WBjo="}
Completed in 20ms (View: 1, DB: 0) | 200 OK [http://localhost/jobs]


Processing HomeController#index (for 127.0.0.1 at 2009-04-25 14:55:18) [GET]
Rendering template within layouts/application
Rendering home/index
Completed in 14ms (View: 7, DB: 0) | 200 OK [http://localhost/]


Processing JobsController#create (for 127.0.0.1 at 2009-04-25 14:55:21) [POST]
  Parameters: {"code"=>"10.times do |e|\n  $stderr.puts e\nend\n\n10", "authenticity_token"=>"JkNtEtbRBymqLYg3E0GC/on6x26rhEGWzw/AUF/WBjo="}
Completed in 22ms (View: 2, DB: 0) | 200 OK [http://localhost/jobs]


Processing JobsController#create (for 127.0.0.1 at 2009-04-25 14:55:33) [POST]
  Parameters: {"code"=>"10.times do |e|\n  $stderr.puts e\nend\n\n10\nsleep 1\n10", "authenticity_token"=>"JkNtEtbRBymqLYg3E0GC/on6x26rhEGWzw/AUF/WBjo="}
Completed in 24ms (View: 2, DB: 0) | 200 OK [http://localhost/jobs]


Processing JobsController#create (for 127.0.0.1 at 2009-04-25 14:55:40) [POST]
  Parameters: {"code"=>"1+1", "authenticity_token"=>"JkNtEtbRBymqLYg3E0GC/on6x26rhEGWzw/AUF/WBjo="}
Completed in 24ms (View: 4, DB: 0) | 200 OK [http://localhost/jobs]


Processing JobsController#create (for 127.0.0.1 at 2009-04-25 14:55:49) [POST]
  Parameters: {"code"=>"1", "authenticity_token"=>"JkNtEtbRBymqLYg3E0GC/on6x26rhEGWzw/AUF/WBjo="}
Completed in 31ms (View: 10, DB: 0) | 200 OK [http://localhost/jobs]


Processing HomeController#index (for 127.0.0.1 at 2009-04-25 14:55:58) [GET]
Rendering template within layouts/application
Rendering home/index
Completed in 13ms (View: 7, DB: 0) | 200 OK [http://localhost/]


Processing JobsController#create (for 127.0.0.1 at 2009-04-25 14:56:01) [POST]
  Parameters: {"code"=>"1", "authenticity_token"=>"JkNtEtbRBymqLYg3E0GC/on6x26rhEGWzw/AUF/WBjo="}
Completed in 11ms (View: 1, DB: 0) | 200 OK [http://localhost/jobs]


Processing JobsController#create (for 127.0.0.1 at 2009-04-25 14:56:09) [POST]
  Parameters: {"code"=>"10", "authenticity_token"=>"JkNtEtbRBymqLYg3E0GC/on6x26rhEGWzw/AUF/WBjo="}
Completed in 32ms (View: 23, DB: 0) | 200 OK [http://localhost/jobs]


Processing JobsController#create (for 127.0.0.1 at 2009-04-25 14:56:13) [POST]
  Parameters: {"code"=>"10", "authenticity_token"=>"JkNtEtbRBymqLYg3E0GC/on6x26rhEGWzw/AUF/WBjo="}
Completed in 23ms (View: 4, DB: 0) | 200 OK [http://localhost/jobs]


Processing JobsController#create (for 127.0.0.1 at 2009-04-25 14:56:18) [POST]
  Parameters: {"code"=>"101", "authenticity_token"=>"JkNtEtbRBymqLYg3E0GC/on6x26rhEGWzw/AUF/WBjo="}
Completed in 23ms (View: 2, DB: 0) | 200 OK [http://localhost/jobs]


Processing JobsController#create (for 127.0.0.1 at 2009-04-25 14:56:22) [POST]
  Parameters: {"code"=>"fdsafdas", "authenticity_token"=>"JkNtEtbRBymqLYg3E0GC/on6x26rhEGWzw/AUF/WBjo="}
Completed in 26ms (View: 2, DB: 0) | 200 OK [http://localhost/jobs]


Processing JobsController#create (for 127.0.0.1 at 2009-04-25 14:56:29) [POST]
  Parameters: {"code"=>"111", "authenticity_token"=>"JkNtEtbRBymqLYg3E0GC/on6x26rhEGWzw/AUF/WBjo="}
Completed in 24ms (View: 2, DB: 0) | 200 OK [http://localhost/jobs]


Processing JobsController#create (for 127.0.0.1 at 2009-04-25 14:56:34) [POST]
  Parameters: {"code"=>"fdsfdsa", "authenticity_token"=>"JkNtEtbRBymqLYg3E0GC/on6x26rhEGWzw/AUF/WBjo="}
Completed in 32ms (View: 2, DB: 0) | 200 OK [http://localhost/jobs]


Processing JobsController#create (for 127.0.0.1 at 2009-04-25 15:01:57) [POST]
  Parameters: {"code"=>"1+10", "authenticity_token"=>"JkNtEtbRBymqLYg3E0GC/on6x26rhEGWzw/AUF/WBjo="}
Completed in 21ms (View: 2, DB: 0) | 200 OK [http://localhost/jobs]


Processing JobsController#create (for 127.0.0.1 at 2009-04-25 15:02:12) [POST]
  Parameters: {"code"=>"1", "authenticity_token"=>"JkNtEtbRBymqLYg3E0GC/on6x26rhEGWzw/AUF/WBjo="}
Completed in 40ms (View: 2, DB: 0) | 200 OK [http://localhost/jobs]


Processing JobsController#create (for 127.0.0.1 at 2009-04-25 15:02:20) [POST]
  Parameters: {"code"=>"1", "authenticity_token"=>"JkNtEtbRBymqLYg3E0GC/on6x26rhEGWzw/AUF/WBjo="}
Completed in 228ms (View: 3, DB: 0) | 200 OK [http://localhost/jobs]


Processing HomeController#index (for 127.0.0.1 at 2009-04-25 15:02:33) [GET]
Rendering template within layouts/application
Rendering home/index
Completed in 38ms (View: 34, DB: 0) | 200 OK [http://localhost/]


Processing JobsController#create (for 127.0.0.1 at 2009-04-25 15:02:38) [POST]
  Parameters: {"code"=>"1", "authenticity_token"=>"JkNtEtbRBymqLYg3E0GC/on6x26rhEGWzw/AUF/WBjo="}
Completed in 25ms (View: 2, DB: 0) | 200 OK [http://localhost/jobs]


Processing JobsController#create (for 127.0.0.1 at 2009-04-25 15:02:42) [POST]
  Parameters: {"code"=>"1000000000000", "authenticity_token"=>"JkNtEtbRBymqLYg3E0GC/on6x26rhEGWzw/AUF/WBjo="}
Completed in 21ms (View: 2, DB: 0) | 200 OK [http://localhost/jobs]


Processing HomeController#index (for 127.0.0.1 at 2009-04-25 15:02:56) [GET]
Rendering template within layouts/application
Rendering home/index
Completed in 8ms (View: 4, DB: 0) | 200 OK [http://localhost/]


Processing HomeController#index (for 127.0.0.1 at 2009-04-25 15:02:58) [GET]
Rendering template within layouts/application
Rendering home/index
Completed in 17ms (View: 9, DB: 0) | 200 OK [http://localhost/]


Processing JobsController#create (for 127.0.0.1 at 2009-04-25 15:03:07) [POST]
  Parameters: {"code"=>"100000000", "authenticity_token"=>"JkNtEtbRBymqLYg3E0GC/on6x26rhEGWzw/AUF/WBjo="}
Completed in 31ms (View: 7, DB: 0) | 200 OK [http://localhost/jobs]


Processing JobsController#create (for 127.0.0.1 at 2009-04-25 15:03:10) [POST]
  Parameters: {"code"=>"100000000", "authenticity_token"=>"JkNtEtbRBymqLYg3E0GC/on6x26rhEGWzw/AUF/WBjo="}
Completed in 23ms (View: 3, DB: 0) | 200 OK [http://localhost/jobs]


Processing JobsController#create (for 127.0.0.1 at 2009-04-25 15:03:11) [POST]
  Parameters: {"code"=>"100000000", "authenticity_token"=>"JkNtEtbRBymqLYg3E0GC/on6x26rhEGWzw/AUF/WBjo="}
Completed in 25ms (View: 2, DB: 0) | 200 OK [http://localhost/jobs]


Processing JobsController#create (for 127.0.0.1 at 2009-04-25 15:03:12) [POST]
  Parameters: {"code"=>"100000000", "authenticity_token"=>"JkNtEtbRBymqLYg3E0GC/on6x26rhEGWzw/AUF/WBjo="}
Completed in 22ms (View: 2, DB: 0) | 200 OK [http://localhost/jobs]


Processing JobsController#create (for 127.0.0.1 at 2009-04-25 15:03:14) [POST]
  Parameters: {"code"=>"100000000", "authenticity_token"=>"JkNtEtbRBymqLYg3E0GC/on6x26rhEGWzw/AUF/WBjo="}
Completed in 106ms (View: 96, DB: 0) | 200 OK [http://localhost/jobs]


Processing JobsController#create (for 127.0.0.1 at 2009-04-25 15:03:14) [POST]
  Parameters: {"code"=>"100000000", "authenticity_token"=>"JkNtEtbRBymqLYg3E0GC/on6x26rhEGWzw/AUF/WBjo="}
Completed in 12ms (View: 2, DB: 0) | 200 OK [http://localhost/jobs]


Processing JobsController#create (for 127.0.0.1 at 2009-04-25 15:03:15) [POST]
  Parameters: {"code"=>"100000000", "authenticity_token"=>"JkNtEtbRBymqLYg3E0GC/on6x26rhEGWzw/AUF/WBjo="}
Completed in 24ms (View: 2, DB: 0) | 200 OK [http://localhost/jobs]


Processing JobsController#create (for 127.0.0.1 at 2009-04-25 15:03:16) [POST]
  Parameters: {"code"=>"100000000", "authenticity_token"=>"JkNtEtbRBymqLYg3E0GC/on6x26rhEGWzw/AUF/WBjo="}
Completed in 46ms (View: 2, DB: 0) | 200 OK [http://localhost/jobs]


Processing HomeController#index (for 127.0.0.1 at 2009-04-25 15:04:15) [GET]
Rendering template within layouts/application
Rendering home/index
Completed in 7ms (View: 4, DB: 0) | 200 OK [http://localhost/]


Processing JobsController#create (for 127.0.0.1 at 2009-04-25 15:04:18) [POST]
  Parameters: {"code"=>"11111111", "authenticity_token"=>"JkNtEtbRBymqLYg3E0GC/on6x26rhEGWzw/AUF/WBjo="}
Completed in 49ms (View: 2, DB: 0) | 200 OK [http://localhost/jobs]


Processing JobsController#create (for 127.0.0.1 at 2009-04-25 15:04:22) [POST]
  Parameters: {"code"=>"11111111", "authenticity_token"=>"JkNtEtbRBymqLYg3E0GC/on6x26rhEGWzw/AUF/WBjo="}
Completed in 22ms (View: 2, DB: 0) | 200 OK [http://localhost/jobs]


Processing JobsController#create (for 127.0.0.1 at 2009-04-25 15:04:24) [POST]
  Parameters: {"code"=>"11111111", "authenticity_token"=>"JkNtEtbRBymqLYg3E0GC/on6x26rhEGWzw/AUF/WBjo="}
Completed in 21ms (View: 2, DB: 0) | 200 OK [http://localhost/jobs]


Processing HomeController#index (for 127.0.0.1 at 2009-04-25 15:04:34) [GET]
Rendering template within layouts/application
Rendering home/index
Completed in 42ms (View: 35, DB: 0) | 200 OK [http://localhost/]


Processing HomeController#index (for 127.0.0.1 at 2009-04-25 15:04:36) [GET]
Rendering template within layouts/application
Rendering home/index
Completed in 7ms (View: 3, DB: 0) | 200 OK [http://localhost/]


Processing JobsController#create (for 127.0.0.1 at 2009-04-25 15:04:39) [POST]
  Parameters: {"code"=>"11111", "authenticity_token"=>"JkNtEtbRBymqLYg3E0GC/on6x26rhEGWzw/AUF/WBjo="}
Completed in 233ms (View: 2, DB: 0) | 200 OK [http://localhost/jobs]


Processing JobsController#create (for 127.0.0.1 at 2009-04-25 15:04:44) [POST]
  Parameters: {"code"=>"11111111", "authenticity_token"=>"JkNtEtbRBymqLYg3E0GC/on6x26rhEGWzw/AUF/WBjo="}
Completed in 20ms (View: 2, DB: 0) | 200 OK [http://localhost/jobs]


Processing JobsController#create (for 127.0.0.1 at 2009-04-25 15:04:47) [POST]
  Parameters: {"code"=>"1", "authenticity_token"=>"JkNtEtbRBymqLYg3E0GC/on6x26rhEGWzw/AUF/WBjo="}
Completed in 24ms (View: 2, DB: 0) | 200 OK [http://localhost/jobs]


Processing JobsController#create (for 127.0.0.1 at 2009-04-25 15:04:55) [POST]
  Parameters: {"code"=>"11", "authenticity_token"=>"JkNtEtbRBymqLYg3E0GC/on6x26rhEGWzw/AUF/WBjo="}
Completed in 11ms (View: 2, DB: 0) | 200 OK [http://localhost/jobs]


Processing JobsController#create (for 127.0.0.1 at 2009-04-25 15:05:00) [POST]
  Parameters: {"code"=>"10000", "authenticity_token"=>"JkNtEtbRBymqLYg3E0GC/on6x26rhEGWzw/AUF/WBjo="}
Completed in 25ms (View: 2, DB: 0) | 200 OK [http://localhost/jobs]


Processing JobsController#create (for 127.0.0.1 at 2009-04-25 15:05:06) [POST]
  Parameters: {"code"=>"10000", "authenticity_token"=>"JkNtEtbRBymqLYg3E0GC/on6x26rhEGWzw/AUF/WBjo="}
Completed in 25ms (View: 2, DB: 0) | 200 OK [http://localhost/jobs]


Processing JobsController#create (for 127.0.0.1 at 2009-04-25 15:05:17) [POST]
  Parameters: {"code"=>"100000", "authenticity_token"=>"JkNtEtbRBymqLYg3E0GC/on6x26rhEGWzw/AUF/WBjo="}
Completed in 46ms (View: 2, DB: 0) | 200 OK [http://localhost/jobs]


Processing HomeController#index (for 127.0.0.1 at 2009-04-25 15:10:54) [GET]
Rendering template within layouts/application
Rendering home/index
Completed in 20ms (View: 17, DB: 0) | 200 OK [http://localhost/]


Processing JobsController#create (for 127.0.0.1 at 2009-04-25 15:10:59) [POST]
  Parameters: {"code"=>"1+1", "authenticity_token"=>"JkNtEtbRBymqLYg3E0GC/on6x26rhEGWzw/AUF/WBjo="}
Completed in 21ms (View: 2, DB: 0) | 200 OK [http://localhost/jobs]


Processing JobsController#create (for 127.0.0.1 at 2009-04-25 15:11:39) [POST]
  Parameters: {"code"=>"1+1", "authenticity_token"=>"JkNtEtbRBymqLYg3E0GC/on6x26rhEGWzw/AUF/WBjo="}
Completed in 47ms (View: 2, DB: 0) | 200 OK [http://localhost/jobs]


Processing HomeController#index (for 127.0.0.1 at 2009-04-25 15:13:44) [GET]
Rendering template within layouts/application
Rendering home/index
Completed in 20ms (View: 17, DB: 0) | 200 OK [http://localhost/]


Processing JobsController#create (for 127.0.0.1 at 2009-04-25 15:13:52) [POST]
  Parameters: {"code"=>"1+1", "authenticity_token"=>"JkNtEtbRBymqLYg3E0GC/on6x26rhEGWzw/AUF/WBjo="}
Completed in 19ms (View: 2, DB: 0) | 200 OK [http://localhost/jobs]


Processing JobsController#create (for 127.0.0.1 at 2009-04-25 15:14:17) [POST]
  Parameters: {"code"=>"10+10", "authenticity_token"=>"JkNtEtbRBymqLYg3E0GC/on6x26rhEGWzw/AUF/WBjo="}
Completed in 23ms (View: 2, DB: 0) | 200 OK [http://localhost/jobs]


Processing JobsController#create (for 127.0.0.1 at 2009-04-25 15:15:43) [POST]
  Parameters: {"code"=>"10+10", "authenticity_token"=>"JkNtEtbRBymqLYg3E0GC/on6x26rhEGWzw/AUF/WBjo="}
Completed in 23ms (View: 2, DB: 0) | 200 OK [http://localhost/jobs]


Processing JobsController#create (for 127.0.0.1 at 2009-04-25 15:15:54) [POST]
  Parameters: {"code"=>"10+10", "authenticity_token"=>"JkNtEtbRBymqLYg3E0GC/on6x26rhEGWzw/AUF/WBjo="}
Completed in 24ms (View: 2, DB: 0) | 200 OK [http://localhost/jobs]


Processing JobsController#create (for 127.0.0.1 at 2009-04-25 15:16:04) [POST]
  Parameters: {"code"=>"\"hola\"", "authenticity_token"=>"JkNtEtbRBymqLYg3E0GC/on6x26rhEGWzw/AUF/WBjo="}
Completed in 46ms (View: 2, DB: 0) | 200 OK [http://localhost/jobs]


Processing HomeController#index (for 127.0.0.1 at 2009-04-25 15:17:09) [GET]
Rendering template within layouts/application
Rendering home/index
Completed in 14ms (View: 8, DB: 0) | 200 OK [http://localhost/]


Processing JobsController#create (for 127.0.0.1 at 2009-04-25 15:17:15) [POST]
  Parameters: {"code"=>"1+1", "authenticity_token"=>"JkNtEtbRBymqLYg3E0GC/on6x26rhEGWzw/AUF/WBjo="}
Completed in 22ms (View: 2, DB: 0) | 200 OK [http://localhost/jobs]


Processing HomeController#index (for 127.0.0.1 at 2009-04-25 15:17:50) [GET]
Rendering template within layouts/application
Rendering home/index
Completed in 39ms (View: 33, DB: 0) | 200 OK [http://localhost/]


Processing JobsController#create (for 127.0.0.1 at 2009-04-25 15:17:58) [POST]
  Parameters: {"code"=>"10+10", "authenticity_token"=>"JkNtEtbRBymqLYg3E0GC/on6x26rhEGWzw/AUF/WBjo="}
Completed in 228ms (View: 2, DB: 0) | 200 OK [http://localhost/jobs]


Processing HomeController#index (for 127.0.0.1 at 2009-04-25 15:18:14) [GET]
Rendering template within layouts/application
Rendering home/index
Completed in 18ms (View: 10, DB: 0) | 200 OK [http://localhost/]


Processing JobsController#create (for 127.0.0.1 at 2009-04-25 15:18:20) [POST]
  Parameters: {"code"=>"10+10", "authenticity_token"=>"JkNtEtbRBymqLYg3E0GC/on6x26rhEGWzw/AUF/WBjo="}
Completed in 23ms (View: 2, DB: 0) | 200 OK [http://localhost/jobs]


Processing JobsController#create (for 127.0.0.1 at 2009-04-25 15:18:34) [POST]
  Parameters: {"code"=>"10+10", "authenticity_token"=>"JkNtEtbRBymqLYg3E0GC/on6x26rhEGWzw/AUF/WBjo="}
Completed in 23ms (View: 5, DB: 0) | 200 OK [http://localhost/jobs]


Processing JobsController#create (for 127.0.0.1 at 2009-04-25 15:18:38) [POST]
  Parameters: {"code"=>"10+10", "authenticity_token"=>"JkNtEtbRBymqLYg3E0GC/on6x26rhEGWzw/AUF/WBjo="}
Completed in 22ms (View: 2, DB: 0) | 200 OK [http://localhost/jobs]


Processing JobsController#create (for 127.0.0.1 at 2009-04-25 15:18:40) [POST]
  Parameters: {"code"=>"10+10", "authenticity_token"=>"JkNtEtbRBymqLYg3E0GC/on6x26rhEGWzw/AUF/WBjo="}
Completed in 49ms (View: 2, DB: 0) | 200 OK [http://localhost/jobs]


Processing HomeController#index (for 127.0.0.1 at 2009-04-25 15:20:13) [GET]
Rendering template within layouts/application
Rendering home/index
Completed in 42ms (View: 35, DB: 0) | 200 OK [http://localhost/]


Processing JobsController#create (for 127.0.0.1 at 2009-04-25 15:20:19) [POST]
  Parameters: {"code"=>"10+10", "authenticity_token"=>"JkNtEtbRBymqLYg3E0GC/on6x26rhEGWzw/AUF/WBjo="}
Completed in 21ms (View: 2, DB: 0) | 200 OK [http://localhost/jobs]


Processing JobsController#create (for 127.0.0.1 at 2009-04-25 15:20:41) [POST]
  Parameters: {"code"=>"10+10", "authenticity_token"=>"JkNtEtbRBymqLYg3E0GC/on6x26rhEGWzw/AUF/WBjo="}
Completed in 23ms (View: 2, DB: 0) | 200 OK [http://localhost/jobs]


Processing JobsController#create (for 127.0.0.1 at 2009-04-25 15:20:52) [POST]
  Parameters: {"code"=>"10000", "authenticity_token"=>"JkNtEtbRBymqLYg3E0GC/on6x26rhEGWzw/AUF/WBjo="}
Completed in 24ms (View: 2, DB: 0) | 200 OK [http://localhost/jobs]


Processing JobsController#create (for 127.0.0.1 at 2009-04-25 15:21:13) [POST]
  Parameters: {"code"=>"10+10", "authenticity_token"=>"JkNtEtbRBymqLYg3E0GC/on6x26rhEGWzw/AUF/WBjo="}
Completed in 24ms (View: 5, DB: 0) | 200 OK [http://localhost/jobs]


Processing JobsController#create (for 127.0.0.1 at 2009-04-25 15:21:16) [POST]
  Parameters: {"code"=>"10+10", "authenticity_token"=>"JkNtEtbRBymqLYg3E0GC/on6x26rhEGWzw/AUF/WBjo="}
Completed in 23ms (View: 2, DB: 0) | 200 OK [http://localhost/jobs]


Processing JobsController#create (for 127.0.0.1 at 2009-04-25 15:21:18) [POST]
  Parameters: {"code"=>"10+10", "authenticity_token"=>"JkNtEtbRBymqLYg3E0GC/on6x26rhEGWzw/AUF/WBjo="}
Completed in 34ms (View: 2, DB: 0) | 200 OK [http://localhost/jobs]


Processing HomeController#index (for 127.0.0.1 at 2009-04-25 15:21:23) [GET]
Rendering template within layouts/application
Rendering home/index
Completed in 17ms (View: 10, DB: 0) | 200 OK [http://localhost/]


Processing JobsController#create (for 127.0.0.1 at 2009-04-25 15:21:28) [POST]
  Parameters: {"code"=>"10+10", "authenticity_token"=>"JkNtEtbRBymqLYg3E0GC/on6x26rhEGWzw/AUF/WBjo="}
Completed in 45ms (View: 26, DB: 0) | 200 OK [http://localhost/jobs]


Processing JobsController#create (for 127.0.0.1 at 2009-04-25 15:21:33) [POST]
  Parameters: {"code"=>"10+10", "authenticity_token"=>"JkNtEtbRBymqLYg3E0GC/on6x26rhEGWzw/AUF/WBjo="}
Completed in 23ms (View: 2, DB: 0) | 200 OK [http://localhost/jobs]


Processing JobsController#create (for 127.0.0.1 at 2009-04-25 15:23:11) [POST]
  Parameters: {"code"=>"10+10", "authenticity_token"=>"JkNtEtbRBymqLYg3E0GC/on6x26rhEGWzw/AUF/WBjo="}
Completed in 46ms (View: 2, DB: 0) | 200 OK [http://localhost/jobs]


Processing HomeController#index (for 127.0.0.1 at 2009-04-25 15:23:16) [GET]
Rendering template within layouts/application
Rendering home/index
Completed in 271ms (View: 264, DB: 0) | 200 OK [http://localhost/]


Processing JobsController#create (for 127.0.0.1 at 2009-04-25 15:23:26) [POST]
  Parameters: {"code"=>"1111", "authenticity_token"=>"JkNtEtbRBymqLYg3E0GC/on6x26rhEGWzw/AUF/WBjo="}
Completed in 12ms (View: 1, DB: 0) | 200 OK [http://localhost/jobs]


Processing JobsController#create (for 127.0.0.1 at 2009-04-25 15:23:30) [POST]
  Parameters: {"code"=>"1111", "authenticity_token"=>"JkNtEtbRBymqLYg3E0GC/on6x26rhEGWzw/AUF/WBjo="}
Completed in 31ms (View: 2, DB: 0) | 200 OK [http://localhost/jobs]


Processing HomeController#index (for 127.0.0.1 at 2009-04-25 15:30:45) [GET]
Rendering template within layouts/application
Rendering home/index
Completed in 40ms (View: 33, DB: 0) | 200 OK [http://localhost/]


Processing JobsController#create (for 127.0.0.1 at 2009-04-25 15:30:53) [POST]
  Parameters: {"code"=>"1+1", "authenticity_token"=>"JkNtEtbRBymqLYg3E0GC/on6x26rhEGWzw/AUF/WBjo="}
Completed in 10ms (View: 1, DB: 0) | 200 OK [http://localhost/jobs]


Processing JobsController#create (for 127.0.0.1 at 2009-04-25 15:31:04) [POST]
  Parameters: {"code"=>"1+1", "authenticity_token"=>"JkNtEtbRBymqLYg3E0GC/on6x26rhEGWzw/AUF/WBjo="}
Completed in 25ms (View: 2, DB: 0) | 200 OK [http://localhost/jobs]


Processing JobsController#create (for 127.0.0.1 at 2009-04-25 15:31:07) [POST]
  Parameters: {"code"=>"1+1", "authenticity_token"=>"JkNtEtbRBymqLYg3E0GC/on6x26rhEGWzw/AUF/WBjo="}
Completed in 32ms (View: 2, DB: 0) | 200 OK [http://localhost/jobs]


Processing HomeController#index (for 127.0.0.1 at 2009-04-25 15:31:49) [GET]
Rendering template within layouts/application
Rendering home/index
Completed in 40ms (View: 33, DB: 0) | 200 OK [http://localhost/]


Processing JobsController#create (for 127.0.0.1 at 2009-04-25 15:31:55) [POST]
  Parameters: {"code"=>"1+1", "authenticity_token"=>"JkNtEtbRBymqLYg3E0GC/on6x26rhEGWzw/AUF/WBjo="}
Completed in 279ms (View: 2, DB: 0) | 200 OK [http://localhost/jobs]


Processing JobsController#create (for 127.0.0.1 at 2009-04-25 15:32:10) [POST]
  Parameters: {"code"=>"1+1", "authenticity_token"=>"JkNtEtbRBymqLYg3E0GC/on6x26rhEGWzw/AUF/WBjo="}
Completed in 24ms (View: 2, DB: 0) | 200 OK [http://localhost/jobs]


Processing JobsController#create (for 127.0.0.1 at 2009-04-25 15:32:14) [POST]
  Parameters: {"code"=>"1+1", "authenticity_token"=>"JkNtEtbRBymqLYg3E0GC/on6x26rhEGWzw/AUF/WBjo="}
Completed in 12ms (View: 1, DB: 0) | 200 OK [http://localhost/jobs]


Processing HomeController#index (for 127.0.0.1 at 2009-04-25 15:34:44) [GET]
Rendering template within layouts/application
Rendering home/index
Completed in 41ms (View: 34, DB: 0) | 200 OK [http://localhost/]


Processing JobsController#create (for 127.0.0.1 at 2009-04-25 15:34:48) [POST]
  Parameters: {"code"=>"1", "authenticity_token"=>"JkNtEtbRBymqLYg3E0GC/on6x26rhEGWzw/AUF/WBjo="}
Completed in 23ms (View: 2, DB: 0) | 200 OK [http://localhost/jobs]


Processing HomeController#index (for 127.0.0.1 at 2009-04-25 15:38:27) [GET]
Rendering template within layouts/application
Rendering home/index
Completed in 16ms (View: 9, DB: 0) | 200 OK [http://localhost/]


Processing HomeController#index (for 127.0.0.1 at 2009-04-25 15:38:30) [GET]
Rendering template within layouts/application
Rendering home/index
Completed in 7ms (View: 4, DB: 0) | 200 OK [http://localhost/]


Processing JobsController#create (for 127.0.0.1 at 2009-04-25 15:38:37) [POST]
  Parameters: {"code"=>"100", "authenticity_token"=>"JkNtEtbRBymqLYg3E0GC/on6x26rhEGWzw/AUF/WBjo="}
Completed in 50ms (View: 2, DB: 0) | 200 OK [http://localhost/jobs]


Processing JobsController#create (for 127.0.0.1 at 2009-04-25 15:38:46) [POST]
  Parameters: {"code"=>"100", "authenticity_token"=>"JkNtEtbRBymqLYg3E0GC/on6x26rhEGWzw/AUF/WBjo="}
Completed in 32ms (View: 2, DB: 0) | 200 OK [http://localhost/jobs]


Processing JobsController#create (for 127.0.0.1 at 2009-04-25 15:38:50) [POST]
  Parameters: {"code"=>"100", "authenticity_token"=>"JkNtEtbRBymqLYg3E0GC/on6x26rhEGWzw/AUF/WBjo="}
Completed in 21ms (View: 2, DB: 0) | 200 OK [http://localhost/jobs]


Processing JobsController#create (for 127.0.0.1 at 2009-04-25 15:38:53) [POST]
  Parameters: {"code"=>"100", "authenticity_token"=>"JkNtEtbRBymqLYg3E0GC/on6x26rhEGWzw/AUF/WBjo="}
Completed in 38ms (View: 2, DB: 0) | 200 OK [http://localhost/jobs]


Processing JobsController#create (for 127.0.0.1 at 2009-04-25 15:44:11) [POST]
  Parameters: {"code"=>"100", "authenticity_token"=>"JkNtEtbRBymqLYg3E0GC/on6x26rhEGWzw/AUF/WBjo="}

Nanite::MapperNotRunning (A mapper needs to be started via Nanite.start_mapper):
  nanite (0.4.0) [v] lib/nanite.rb:68:in `ensure_mapper'
  nanite (0.4.0) [v] lib/nanite.rb:63:in `push'
  app/controllers/jobs_controller.rb:7:in `create'

Rendered rescues/_trace (198.0ms)
Rendered rescues/_request_and_response (2.4ms)
Rendering rescues/layout (internal_server_error)


Processing JobsController#create (for 127.0.0.1 at 2009-04-25 15:44:17) [POST]
  Parameters: {"code"=>"100", "authenticity_token"=>"JkNtEtbRBymqLYg3E0GC/on6x26rhEGWzw/AUF/WBjo="}
Completed in 20ms (View: 2, DB: 0) | 200 OK [http://localhost/jobs]


Processing JobsController#create (for 127.0.0.1 at 2009-04-25 15:44:34) [POST]
  Parameters: {"code"=>"100", "authenticity_token"=>"JkNtEtbRBymqLYg3E0GC/on6x26rhEGWzw/AUF/WBjo="}
Completed in 22ms (View: 2, DB: 0) | 200 OK [http://localhost/jobs]


Processing HomeController#index (for 127.0.0.1 at 2009-04-25 15:44:39) [GET]
Rendering template within layouts/application
Rendering home/index
Completed in 45ms (View: 38, DB: 0) | 200 OK [http://localhost/]


Processing JobsController#create (for 127.0.0.1 at 2009-04-25 15:44:45) [POST]
  Parameters: {"code"=>"10000", "authenticity_token"=>"JkNtEtbRBymqLYg3E0GC/on6x26rhEGWzw/AUF/WBjo="}
Completed in 23ms (View: 4, DB: 0) | 200 OK [http://localhost/jobs]


Processing HomeController#index (for 127.0.0.1 at 2009-04-25 15:45:24) [GET]
Rendering template within layouts/application
Rendering home/index
Completed in 39ms (View: 33, DB: 0) | 200 OK [http://localhost/]


Processing JobsController#create (for 127.0.0.1 at 2009-04-25 15:45:32) [POST]
  Parameters: {"code"=>"1111111", "authenticity_token"=>"JkNtEtbRBymqLYg3E0GC/on6x26rhEGWzw/AUF/WBjo="}
Completed in 20ms (View: 2, DB: 0) | 200 OK [http://localhost/jobs]


Processing JobsController#create (for 127.0.0.1 at 2009-04-25 15:45:38) [POST]
  Parameters: {"code"=>"1111111", "authenticity_token"=>"JkNtEtbRBymqLYg3E0GC/on6x26rhEGWzw/AUF/WBjo="}
Completed in 223ms (View: 2, DB: 0) | 200 OK [http://localhost/jobs]


Processing JobsController#create (for 127.0.0.1 at 2009-04-25 15:45:53) [POST]
  Parameters: {"code"=>"100", "authenticity_token"=>"JkNtEtbRBymqLYg3E0GC/on6x26rhEGWzw/AUF/WBjo="}
Completed in 35ms (View: 2, DB: 0) | 200 OK [http://localhost/jobs]


Processing JobsController#create (for 127.0.0.1 at 2009-04-25 15:46:05) [POST]
  Parameters: {"code"=>"100.times do \nend\n", "authenticity_token"=>"JkNtEtbRBymqLYg3E0GC/on6x26rhEGWzw/AUF/WBjo="}
Completed in 22ms (View: 2, DB: 0) | 200 OK [http://localhost/jobs]


Processing JobsController#create (for 127.0.0.1 at 2009-04-25 15:46:33) [POST]
  Parameters: {"code"=>"100.times do \nend\n", "authenticity_token"=>"JkNtEtbRBymqLYg3E0GC/on6x26rhEGWzw/AUF/WBjo="}
Completed in 31ms (View: 4, DB: 0) | 200 OK [http://localhost/jobs]


Processing JobsController#create (for 127.0.0.1 at 2009-04-25 15:47:04) [POST]
  Parameters: {"code"=>"100", "authenticity_token"=>"JkNtEtbRBymqLYg3E0GC/on6x26rhEGWzw/AUF/WBjo="}
Completed in 27ms (View: 3, DB: 0) | 200 OK [http://localhost/jobs]


Processing HomeController#index (for 127.0.0.1 at 2009-04-25 15:47:09) [GET]
Rendering template within layouts/application
Rendering home/index
Completed in 14ms (View: 7, DB: 0) | 200 OK [http://localhost/]


Processing JobsController#create (for 127.0.0.1 at 2009-04-25 15:47:17) [POST]
  Parameters: {"code"=>"1000", "authenticity_token"=>"JkNtEtbRBymqLYg3E0GC/on6x26rhEGWzw/AUF/WBjo="}
Completed in 31ms (View: 12, DB: 0) | 200 OK [http://localhost/jobs]


Processing JobsController#create (for 127.0.0.1 at 2009-04-25 15:47:20) [POST]
  Parameters: {"code"=>"1000", "authenticity_token"=>"JkNtEtbRBymqLYg3E0GC/on6x26rhEGWzw/AUF/WBjo="}
Completed in 21ms (View: 2, DB: 0) | 200 OK [http://localhost/jobs]


Processing JobsController#create (for 127.0.0.1 at 2009-04-25 15:47:23) [POST]
  Parameters: {"code"=>"1000\n\n\n\n", "authenticity_token"=>"JkNtEtbRBymqLYg3E0GC/on6x26rhEGWzw/AUF/WBjo="}
Completed in 23ms (View: 3, DB: 0) | 200 OK [http://localhost/jobs]


Processing JobsController#create (for 127.0.0.1 at 2009-04-25 15:47:26) [POST]
  Parameters: {"code"=>"1000\n\n\n\n", "authenticity_token"=>"JkNtEtbRBymqLYg3E0GC/on6x26rhEGWzw/AUF/WBjo="}
Completed in 22ms (View: 2, DB: 0) | 200 OK [http://localhost/jobs]


Processing HomeController#index (for 127.0.0.1 at 2009-04-25 15:48:50) [GET]
Rendering template within layouts/application
Rendering home/index
Completed in 14ms (View: 7, DB: 0) | 200 OK [http://localhost/]


Processing JobsController#create (for 127.0.0.1 at 2009-04-25 15:49:15) [POST]
  Parameters: {"code"=>"fsfdasfdsa", "authenticity_token"=>"JkNtEtbRBymqLYg3E0GC/on6x26rhEGWzw/AUF/WBjo="}
Completed in 67ms (View: 8, DB: 0) | 200 OK [http://localhost/jobs]


Processing JobsController#create (for 127.0.0.1 at 2009-04-25 15:49:21) [POST]
  Parameters: {"code"=>"1111", "authenticity_token"=>"JkNtEtbRBymqLYg3E0GC/on6x26rhEGWzw/AUF/WBjo="}
Completed in 26ms (View: 4, DB: 0) | 200 OK [http://localhost/jobs]


Processing JobsController#create (for 127.0.0.1 at 2009-04-25 15:49:25) [POST]
  Parameters: {"code"=>"1111", "authenticity_token"=>"JkNtEtbRBymqLYg3E0GC/on6x26rhEGWzw/AUF/WBjo="}
Completed in 25ms (View: 2, DB: 0) | 200 OK [http://localhost/jobs]


Processing JobsController#create (for 127.0.0.1 at 2009-04-25 15:49:47) [POST]
  Parameters: {"code"=>"sleep 10", "authenticity_token"=>"JkNtEtbRBymqLYg3E0GC/on6x26rhEGWzw/AUF/WBjo="}
Completed in 23ms (View: 4, DB: 0) | 200 OK [http://localhost/jobs]


Processing JobsController#create (for 127.0.0.1 at 2009-04-25 15:49:55) [POST]
  Parameters: {"code"=>"sleep 1", "authenticity_token"=>"JkNtEtbRBymqLYg3E0GC/on6x26rhEGWzw/AUF/WBjo="}
Completed in 23ms (View: 2, DB: 0) | 200 OK [http://localhost/jobs]


Processing JobsController#create (for 127.0.0.1 at 2009-04-25 15:50:04) [POST]
  Parameters: {"code"=>"sleep 1", "authenticity_token"=>"JkNtEtbRBymqLYg3E0GC/on6x26rhEGWzw/AUF/WBjo="}
Completed in 11ms (View: 1, DB: 0) | 200 OK [http://localhost/jobs]


Processing JobsController#create (for 127.0.0.1 at 2009-04-25 15:50:09) [POST]
  Parameters: {"code"=>"sleep 1", "authenticity_token"=>"JkNtEtbRBymqLYg3E0GC/on6x26rhEGWzw/AUF/WBjo="}
Completed in 25ms (View: 2, DB: 0) | 200 OK [http://localhost/jobs]


Processing HomeController#index (for 127.0.0.1 at 2009-04-25 15:51:41) [GET]
Rendering template within layouts/application
Rendering home/index
Completed in 19ms (View: 16, DB: 0) | 200 OK [http://localhost/]


Processing JobsController#create (for 127.0.0.1 at 2009-04-25 15:51:49) [POST]
  Parameters: {"code"=>"11111", "authenticity_token"=>"JkNtEtbRBymqLYg3E0GC/on6x26rhEGWzw/AUF/WBjo="}
Completed in 10ms (View: 1, DB: 0) | 200 OK [http://localhost/jobs]


Processing JobsController#create (for 127.0.0.1 at 2009-04-25 15:52:09) [POST]
  Parameters: {"code"=>"sleep 0.8", "authenticity_token"=>"JkNtEtbRBymqLYg3E0GC/on6x26rhEGWzw/AUF/WBjo="}
Completed in 40ms (View: 2, DB: 0) | 200 OK [http://localhost/jobs]


Processing JobsController#create (for 127.0.0.1 at 2009-04-25 15:52:14) [POST]
  Parameters: {"code"=>"sleep 1", "authenticity_token"=>"JkNtEtbRBymqLYg3E0GC/on6x26rhEGWzw/AUF/WBjo="}
Completed in 22ms (View: 2, DB: 0) | 200 OK [http://localhost/jobs]


Processing JobsController#create (for 127.0.0.1 at 2009-04-25 15:52:20) [POST]
  Parameters: {"code"=>"sleep 10", "authenticity_token"=>"JkNtEtbRBymqLYg3E0GC/on6x26rhEGWzw/AUF/WBjo="}
Completed in 36ms (View: 5, DB: 0) | 200 OK [http://localhost/jobs]


Processing JobsController#create (for 127.0.0.1 at 2009-04-25 15:52:56) [POST]
  Parameters: {"code"=>"sleep 10", "authenticity_token"=>"JkNtEtbRBymqLYg3E0GC/on6x26rhEGWzw/AUF/WBjo="}
Completed in 59ms (View: 2, DB: 0) | 200 OK [http://localhost/jobs]


Processing JobsController#create (for 127.0.0.1 at 2009-04-25 15:53:01) [POST]
  Parameters: {"code"=>"sleep 10", "authenticity_token"=>"JkNtEtbRBymqLYg3E0GC/on6x26rhEGWzw/AUF/WBjo="}
Completed in 10ms (View: 1, DB: 0) | 200 OK [http://localhost/jobs]


Processing JobsController#create (for 127.0.0.1 at 2009-04-25 15:53:25) [POST]
  Parameters: {"code"=>"sleep 1\n1\n1\n1\n1", "authenticity_token"=>"JkNtEtbRBymqLYg3E0GC/on6x26rhEGWzw/AUF/WBjo="}
Completed in 30ms (View: 2, DB: 0) | 200 OK [http://localhost/jobs]


Processing JobsController#create (for 127.0.0.1 at 2009-04-25 15:53:52) [POST]
  Parameters: {"code"=>"sleep 1\n1\n1\n1\n1", "authenticity_token"=>"JkNtEtbRBymqLYg3E0GC/on6x26rhEGWzw/AUF/WBjo="}
Completed in 22ms (View: 2, DB: 0) | 200 OK [http://localhost/jobs]


Processing JobsController#create (for 127.0.0.1 at 2009-04-25 15:54:00) [POST]
  Parameters: {"code"=>"sleep 1\n1\n1\n1\n1", "authenticity_token"=>"JkNtEtbRBymqLYg3E0GC/on6x26rhEGWzw/AUF/WBjo="}
Completed in 24ms (View: 2, DB: 0) | 200 OK [http://localhost/jobs]


Processing HomeController#index (for 127.0.0.1 at 2009-04-25 15:54:18) [GET]
Rendering template within layouts/application
Rendering home/index
Completed in 14ms (View: 7, DB: 0) | 200 OK [http://localhost/]


Processing JobsController#create (for 127.0.0.1 at 2009-04-25 15:54:23) [POST]
  Parameters: {"code"=>"1111", "authenticity_token"=>"JkNtEtbRBymqLYg3E0GC/on6x26rhEGWzw/AUF/WBjo="}
Completed in 54ms (View: 35, DB: 0) | 200 OK [http://localhost/jobs]


Processing JobsController#create (for 127.0.0.1 at 2009-04-25 15:54:26) [POST]
  Parameters: {"code"=>"1111", "authenticity_token"=>"JkNtEtbRBymqLYg3E0GC/on6x26rhEGWzw/AUF/WBjo="}
Completed in 24ms (View: 5, DB: 0) | 200 OK [http://localhost/jobs]


Processing HomeController#index (for 127.0.0.1 at 2009-04-25 15:55:09) [GET]
Rendering template within layouts/application
Rendering home/index
Completed in 16ms (View: 9, DB: 0) | 200 OK [http://localhost/]


Processing JobsController#create (for 127.0.0.1 at 2009-04-25 15:55:14) [POST]
  Parameters: {"code"=>"1111", "authenticity_token"=>"JkNtEtbRBymqLYg3E0GC/on6x26rhEGWzw/AUF/WBjo="}
Completed in 24ms (View: 2, DB: 0) | 200 OK [http://localhost/jobs]
